<?xml version="1.0" encoding="UTF-8"?>
<coverage generated="1710827835365" clover="3.2.0">
  <project timestamp="1710827835365" name="All files">
    <metrics statements="34" coveredstatements="30" conditionals="14" coveredconditionals="11" methods="5" coveredmethods="5" elements="53" coveredelements="46" complexity="0" loc="34" ncloc="34" packages="1" files="2" classes="2"/>
    <file name="selectWord.js" path="C:\Users\Tristan\GitHub\wordlGame\selectWord.js">
      <metrics statements="18" coveredstatements="16" conditionals="8" coveredconditionals="6" methods="4" coveredmethods="4"/>
      <line num="2" count="8" type="stmt"/>
      <line num="4" count="2" type="cond" truecount="2" falsecount="0"/>
      <line num="5" count="1" type="stmt"/>
      <line num="6" count="1" type="stmt"/>
      <line num="7" count="4" type="stmt"/>
      <line num="8" count="6" type="cond" truecount="1" falsecount="1"/>
      <line num="9" count="0" type="stmt"/>
      <line num="13" count="1" type="stmt"/>
      <line num="17" count="2" type="cond" truecount="2" falsecount="0"/>
      <line num="18" count="1" type="stmt"/>
      <line num="19" count="1" type="stmt"/>
      <line num="22" count="1" type="stmt"/>
      <line num="23" count="1" type="stmt"/>
      <line num="27" count="1" type="stmt"/>
      <line num="28" count="4" type="stmt"/>
      <line num="29" count="6" type="cond" truecount="1" falsecount="1"/>
      <line num="30" count="0" type="stmt"/>
      <line num="34" count="1" type="stmt"/>
    </file>
    <file name="wordl.js" path="C:\Users\Tristan\GitHub\wordlGame\wordl.js">
      <metrics statements="16" coveredstatements="14" conditionals="6" coveredconditionals="5" methods="1" coveredmethods="1"/>
      <line num="4" count="4" type="stmt"/>
      <line num="5" count="4" type="stmt"/>
      <line num="7" count="4" type="stmt"/>
      <line num="9" count="4" type="stmt"/>
      <line num="11" count="4" type="stmt"/>
      <line num="12" count="20" type="cond" truecount="2" falsecount="0"/>
      <line num="13" count="13" type="stmt"/>
      <line num="14" count="13" type="stmt"/>
      <line num="16" count="7" type="stmt"/>
      <line num="20" count="4" type="stmt"/>
      <line num="21" count="20" type="cond" truecount="2" falsecount="0"/>
      <line num="23" count="7" type="cond" truecount="1" falsecount="1"/>
      <line num="24" count="0" type="stmt"/>
      <line num="25" count="0" type="stmt"/>
      <line num="27" count="7" type="stmt"/>
      <line num="31" count="4" type="stmt"/>
    </file>
  </project>
</coverage>
