{"C:\\Users\\Tristan\\GitHub\\wordlGame\\selectWord.js": {"path":"C:\\Users\\Tristan\\GitHub\\wordlGame\\selectWord.js","statementMap":{"0":{"start":{"line":2,"column":22},"end":{"line":2,"column":74}},"1":{"start":{"line":2,"column":44},"end":{"line":2,"column":73}},"2":{"start":{"line":4,"column":2},"end":{"line":15,"column":3}},"3":{"start":{"line":5,"column":4},"end":{"line":14,"column":7}},"4":{"start":{"line":6,"column":6},"end":{"line":12,"column":7}},"5":{"start":{"line":6,"column":19},"end":{"line":6,"column":20}},"6":{"start":{"line":7,"column":8},"end":{"line":11,"column":9}},"7":{"start":{"line":7,"column":21},"end":{"line":7,"column":26}},"8":{"start":{"line":8,"column":10},"end":{"line":10,"column":11}},"9":{"start":{"line":9,"column":12},"end":{"line":9,"column":25}},"10":{"start":{"line":13,"column":6},"end":{"line":13,"column":18}},"11":{"start":{"line":17,"column":2},"end":{"line":20,"column":3}},"12":{"start":{"line":18,"column":4},"end":{"line":18,"column":61}},"13":{"start":{"line":19,"column":4},"end":{"line":19,"column":16}},"14":{"start":{"line":22,"column":22},"end":{"line":22,"column":70}},"15":{"start":{"line":23,"column":2},"end":{"line":23,"column":36}},"16":{"start":{"line":27,"column":2},"end":{"line":33,"column":3}},"17":{"start":{"line":27,"column":15},"end":{"line":27,"column":16}},"18":{"start":{"line":28,"column":4},"end":{"line":32,"column":5}},"19":{"start":{"line":28,"column":17},"end":{"line":28,"column":22}},"20":{"start":{"line":29,"column":6},"end":{"line":31,"column":7}},"21":{"start":{"line":30,"column":8},"end":{"line":30,"column":21}},"22":{"start":{"line":34,"column":2},"end":{"line":34,"column":14}}},"fnMap":{"0":{"name":"selectWord","decl":{"start":{"line":1,"column":24},"end":{"line":1,"column":34}},"loc":{"start":{"line":1,"column":72},"end":{"line":24,"column":1}},"line":1},"1":{"name":"(anonymous_1)","decl":{"start":{"line":2,"column":36},"end":{"line":2,"column":37}},"loc":{"start":{"line":2,"column":44},"end":{"line":2,"column":73}},"line":2},"2":{"name":"(anonymous_2)","decl":{"start":{"line":5,"column":41},"end":{"line":5,"column":42}},"loc":{"start":{"line":5,"column":49},"end":{"line":14,"column":5}},"line":5},"3":{"name":"allLettersUnique","decl":{"start":{"line":26,"column":16},"end":{"line":26,"column":32}},"loc":{"start":{"line":26,"column":39},"end":{"line":35,"column":1}},"line":26}},"branchMap":{"0":{"loc":{"start":{"line":4,"column":2},"end":{"line":15,"column":3}},"type":"if","locations":[{"start":{"line":4,"column":2},"end":{"line":15,"column":3}},{"start":{},"end":{}}],"line":4},"1":{"loc":{"start":{"line":8,"column":10},"end":{"line":10,"column":11}},"type":"if","locations":[{"start":{"line":8,"column":10},"end":{"line":10,"column":11}},{"start":{},"end":{}}],"line":8},"2":{"loc":{"start":{"line":17,"column":2},"end":{"line":20,"column":3}},"type":"if","locations":[{"start":{"line":17,"column":2},"end":{"line":20,"column":3}},{"start":{},"end":{}}],"line":17},"3":{"loc":{"start":{"line":29,"column":6},"end":{"line":31,"column":7}},"type":"if","locations":[{"start":{"line":29,"column":6},"end":{"line":31,"column":7}},{"start":{},"end":{}}],"line":29}},"s":{"0":2,"1":8,"2":2,"3":1,"4":1,"5":1,"6":4,"7":4,"8":6,"9":0,"10":1,"11":2,"12":1,"13":1,"14":1,"15":1,"16":1,"17":1,"18":4,"19":4,"20":6,"21":0,"22":1},"f":{"0":2,"1":8,"2":1,"3":1},"b":{"0":[1,1],"1":[0,6],"2":[1,1],"3":[0,6]},"_coverageSchema":"1a1c01bbd47fc00a2c39e90264f33305004495a9","hash":"05c62afc39d53affe4a00672b928de35c3449192"}
,"C:\\Users\\Tristan\\GitHub\\wordlGame\\wordl.js": {"path":"C:\\Users\\Tristan\\GitHub\\wordlGame\\wordl.js","statementMap":{"0":{"start":{"line":4,"column":2},"end":{"line":4,"column":30}},"1":{"start":{"line":5,"column":2},"end":{"line":5,"column":42}},"2":{"start":{"line":7,"column":19},"end":{"line":7,"column":21}},"3":{"start":{"line":9,"column":25},"end":{"line":9,"column":36}},"4":{"start":{"line":11,"column":2},"end":{"line":18,"column":3}},"5":{"start":{"line":11,"column":15},"end":{"line":11,"column":16}},"6":{"start":{"line":12,"column":4},"end":{"line":17,"column":5}},"7":{"start":{"line":13,"column":6},"end":{"line":13,"column":61}},"8":{"start":{"line":14,"column":6},"end":{"line":14,"column":64}},"9":{"start":{"line":16,"column":6},"end":{"line":16,"column":26}},"10":{"start":{"line":20,"column":2},"end":{"line":29,"column":3}},"11":{"start":{"line":20,"column":15},"end":{"line":20,"column":16}},"12":{"start":{"line":21,"column":4},"end":{"line":21,"column":39}},"13":{"start":{"line":21,"column":30},"end":{"line":21,"column":39}},"14":{"start":{"line":23,"column":4},"end":{"line":28,"column":5}},"15":{"start":{"line":24,"column":6},"end":{"line":24,"column":62}},"16":{"start":{"line":25,"column":6},"end":{"line":25,"column":64}},"17":{"start":{"line":27,"column":6},"end":{"line":27,"column":62}},"18":{"start":{"line":31,"column":2},"end":{"line":31,"column":18}}},"fnMap":{"0":{"name":"input","decl":{"start":{"line":1,"column":24},"end":{"line":1,"column":29}},"loc":{"start":{"line":1,"column":50},"end":{"line":32,"column":1}},"line":1}},"branchMap":{"0":{"loc":{"start":{"line":12,"column":4},"end":{"line":17,"column":5}},"type":"if","locations":[{"start":{"line":12,"column":4},"end":{"line":17,"column":5}},{"start":{"line":15,"column":11},"end":{"line":17,"column":5}}],"line":12},"1":{"loc":{"start":{"line":21,"column":4},"end":{"line":21,"column":39}},"type":"if","locations":[{"start":{"line":21,"column":4},"end":{"line":21,"column":39}},{"start":{},"end":{}}],"line":21},"2":{"loc":{"start":{"line":23,"column":4},"end":{"line":28,"column":5}},"type":"if","locations":[{"start":{"line":23,"column":4},"end":{"line":28,"column":5}},{"start":{"line":26,"column":11},"end":{"line":28,"column":5}}],"line":23}},"s":{"0":4,"1":4,"2":4,"3":4,"4":4,"5":4,"6":20,"7":13,"8":13,"9":7,"10":4,"11":4,"12":20,"13":13,"14":7,"15":0,"16":0,"17":7,"18":4},"f":{"0":4},"b":{"0":[13,7],"1":[13,7],"2":[0,7]},"_coverageSchema":"1a1c01bbd47fc00a2c39e90264f33305004495a9","hash":"2f7fd5f69f201c34d3cd71258fa42f7719c0a13f"}
}
