TN:
SF:selectWord.js
FN:1,selectWord
FN:2,(anonymous_1)
FN:5,(anonymous_2)
FN:26,allLettersUnique
FNF:4
FNH:4
FNDA:2,selectWord
FNDA:8,(anonymous_1)
FNDA:1,(anonymous_2)
FNDA:1,allLettersUnique
DA:2,8
DA:4,2
DA:5,1
DA:6,1
DA:7,4
DA:8,6
DA:9,0
DA:13,1
DA:17,2
DA:18,1
DA:19,1
DA:22,1
DA:23,1
DA:27,1
DA:28,4
DA:29,6
DA:30,0
DA:34,1
LF:18
LH:16
BRDA:4,0,0,1
BRDA:4,0,1,1
BRDA:8,1,0,0
BRDA:8,1,1,6
BRDA:17,2,0,1
BRDA:17,2,1,1
BRDA:29,3,0,0
BRDA:29,3,1,6
BRF:8
BRH:6
end_of_record
TN:
SF:wordl.js
FN:1,input
FNF:1
FNH:1
FNDA:4,input
DA:4,4
DA:5,4
DA:7,4
DA:9,4
DA:11,4
DA:12,20
DA:13,13
DA:14,13
DA:16,7
DA:20,4
DA:21,20
DA:23,7
DA:24,0
DA:25,0
DA:27,7
DA:31,4
LF:16
LH:14
BRDA:12,0,0,13
BRDA:12,0,1,7
BRDA:21,1,0,13
BRDA:21,1,1,7
BRDA:23,2,0,0
BRDA:23,2,1,7
BRF:6
BRH:5
end_of_record
